Removed Pin From Net: NetName=NetD4_1 Pin=D3-1
Removed Pin From Net: NetName=BEEP Pin=D3-2
Removed Pin From Net: NetName=MCU26 Pin=P3-1
Removed Pin From Net: NetName=GND Pin=P3-2
Removed Pin From Net: NetName=VCC3.3 Pin=P3-3
Removed Pin From Net: NetName=MCU29 Pin=P3-4
Removed Pin From Net: NetName=DHT11 Pin=P3-5
Removed Pin From Net: NetName=MCU31 Pin=P3-6
Removed Pin From Net: NetName=MCU32 Pin=P3-7
Removed Pin From Net: NetName=MCU33 Pin=P3-8
Removed Pin From Net: NetName=MCU34 Pin=P3-9
Removed Pin From Net: NetName=MCU35 Pin=P3-10
Removed Pin From Net: NetName=MCU36 Pin=P3-11
Removed Pin From Net: NetName=BOOT1 Pin=P3-12
Removed Pin From Net: NetName=MCU38 Pin=P3-13
Removed Pin From Net: NetName=MCU39 Pin=P3-14
Removed Pin From Net: NetName=MCU40 Pin=P3-15
Removed Pin From Net: NetName=MCU41 Pin=P3-16
Removed Pin From Net: NetName=MCU42 Pin=P3-17
Removed Pin From Net: NetName=KEY0 Pin=P3-18
Removed Pin From Net: NetName=KEY1 Pin=P3-19
Removed Pin From Net: NetName=MCU45 Pin=P3-20
Removed Pin From Net: NetName=MCU46 Pin=P3-21
Removed Pin From Net: NetName=MCU47 Pin=P3-22
Removed Pin From Net: NetName=MCU48 Pin=P3-23
Removed Pin From Net: NetName=GND Pin=P3-24
Removed Pin From Net: NetName=VCC3.3 Pin=P3-25
Removed Pin From Net: NetName=MCU76 Pin=P6-1
Removed Pin From Net: NetName=MCU77 Pin=P6-2
Removed Pin From Net: NetName=MCU78 Pin=P6-3
Removed Pin From Net: NetName=MCU79 Pin=P6-4
Removed Pin From Net: NetName=MCU80 Pin=P6-5
Removed Pin From Net: NetName=MCU81 Pin=P6-6
Removed Pin From Net: NetName=MCU82 Pin=P6-7
Removed Pin From Net: NetName=MCU83 Pin=P6-8
Removed Pin From Net: NetName=MCU84 Pin=P6-9
Removed Pin From Net: NetName=MCU85 Pin=P6-10
Removed Pin From Net: NetName=MCU86 Pin=P6-11
Removed Pin From Net: NetName=MCU87 Pin=P6-12
Removed Pin From Net: NetName=MCU88 Pin=P6-13
Removed Pin From Net: NetName=BEEP Pin=P6-14
Removed Pin From Net: NetName=LED1 Pin=P6-15
Removed Pin From Net: NetName=LED2 Pin=P6-16
Removed Pin From Net: NetName=MCU92 Pin=P6-17
Removed Pin From Net: NetName=LED3 Pin=P6-18
Removed Pin From Net: NetName=BOOT0 Pin=P6-19
Removed Pin From Net: NetName=MCU95 Pin=P6-20
Removed Pin From Net: NetName=MCU96 Pin=P6-21
Removed Pin From Net: NetName=MCU97 Pin=P6-22
Removed Pin From Net: NetName=MCU98 Pin=P6-23
Removed Pin From Net: NetName=GND Pin=P6-24
Removed Pin From Net: NetName=VCC3.3 Pin=P6-25
Removed Member From Class: ClassName=ÔÆRD Member=P3
Removed Member From Class: ClassName=ÔÆRD Member=P6
Added Component: Designator=D4(0805)
Added Pin To Net: NetName=NetD3_1 Pin=D3-1
Added Pin To Net: NetName=MCU95 Pin=D3-2
Added Pin To Net: NetName=NetD4_1 Pin=D3-1
Added Pin To Net: NetName=BEEP Pin=D3-2
Added Member To Class: ClassName=ÔÆRD Member=Component D4 LED1
Added Room: Name=ÔÆRD
