Removed Pin From Net: NetName=NetD4_1 Pin=D3-1
Removed Pin From Net: NetName=BEEP Pin=D3-2
Change Component Designator: OldDesignator=P7 NewDesignator=P5
Change Component Designator: OldDesignator=P8 NewDesignator=P6
Change Component Designator: OldDesignator=P9 NewDesignator=P7
Change Component Designator: OldDesignator=P10 NewDesignator=P8
Change Component Designator: OldDesignator=P11 NewDesignator=P9
Added Component: Designator=D4(0805)
Added Component: Designator=P2(HDR2X16)
Added Component: Designator=P3(HDR2X16)
Added Pin To Net: NetName=NetD3_1 Pin=D3-1
Added Pin To Net: NetName=NetD4_1 Pin=D3-1
Added Pin To Net: NetName=BEEP Pin=D3-2
Added Pin To Net: NetName=LED1 Pin=P2-9
Added Pin To Net: NetName=BEEP Pin=P2-10
Added Pin To Net: NetName=LED2 Pin=P2-12
Added Pin To Net: NetName=LED3 Pin=P2-14
Added Pin To Net: NetName=ESP_RST Pin=P2-27
Added Pin To Net: NetName=LIGHT Pin=P2-28
Added Pin To Net: NetName=MCU25 Pin=P2-30
Added Pin To Net: NetName=KEY0 Pin=P3-20
Added Pin To Net: NetName=BOOT1 Pin=P3-26
Added Pin To Net: NetName=DHT11 Pin=P3-29
Added Pin To Net: NetName=MCU26 Pin=P3-31
Change Net Name : Old Net Name=MCU7 New Net Name=PC13
Change Net Name : Old Net Name=MCU8 New Net Name=OSC32_IN
Change Net Name : Old Net Name=MCU9 New Net Name=OSC32_OUT
Change Net Name : Old Net Name=MCU12 New Net Name=OSC8_IN
Change Net Name : Old Net Name=MCU13 New Net Name=OSC8_OUT
Change Net Name : Old Net Name=MCU14 New Net Name=RESET
Change Net Name : Old Net Name=MCU19 New Net Name=VSSA
Change Net Name : Old Net Name=MCU22 New Net Name=VDDA
Change Net Name : Old Net Name=MCU25 New Net Name=PA2
Change Net Name : Old Net Name=MCU26 New Net Name=PA3
Change Net Name : Old Net Name=MCU33 New Net Name=PC4
Change Net Name : Old Net Name=MCU34 New Net Name=PC5
Change Net Name : Old Net Name=MCU45 New Net Name=PE14
Change Net Name : Old Net Name=MCU46 New Net Name=PE15
Change Net Name : Old Net Name=MCU47 New Net Name=PB10
Change Net Name : Old Net Name=MCU48 New Net Name=PB11
Change Net Name : Old Net Name=MCU63 New Net Name=PC6
Change Net Name : Old Net Name=MCU64 New Net Name=PC7
Change Net Name : Old Net Name=MCU65 New Net Name=PC8
Change Net Name : Old Net Name=MCU66 New Net Name=PC9
Change Net Name : Old Net Name=MCU76 New Net Name=PA14
Change Net Name : Old Net Name=MCU77 New Net Name=PA15
Change Net Name : Old Net Name=MCU78 New Net Name=PC10
Change Net Name : Old Net Name=MCU79 New Net Name=PC11
Change Net Name : Old Net Name=MCU80 New Net Name=PC12
Change Net Name : Old Net Name=NetP10_2 New Net Name=NetP8_2
Change Net Name : Old Net Name=NetP11_2 New Net Name=NetP9_2
Added Pin To Net: NetName=NET_LED Pin=D3-2
Added Pin To Net: NetName=NET_LED Pin=P2-13
Added Pin To Net: NetName=NET_LED Pin=STM1-95
Added Net: Name=NET_LED
Added Pin To Net: NetName=PA4 Pin=P3-32
Added Pin To Net: NetName=PA4 Pin=STM1-29
Added Net: Name=PA4
Added Pin To Net: NetName=PA6 Pin=P3-30
Added Pin To Net: NetName=PA6 Pin=STM1-31
Added Net: Name=PA6
Added Pin To Net: NetName=PA7 Pin=P3-27
Added Pin To Net: NetName=PA7 Pin=STM1-32
Added Net: Name=PA7
Added Pin To Net: NetName=PA8 Pin=P3-5
Added Pin To Net: NetName=PA8 Pin=STM1-67
Added Net: Name=PA8
Added Pin To Net: NetName=PA9 Pin=P3-6
Added Pin To Net: NetName=PA9 Pin=P7-1
Added Pin To Net: NetName=PA9 Pin=STM1-68
Added Net: Name=PA9
Added Pin To Net: NetName=PA10 Pin=P3-3
Added Pin To Net: NetName=PA10 Pin=P7-2
Added Pin To Net: NetName=PA10 Pin=STM1-69
Added Net: Name=PA10
Added Pin To Net: NetName=PA11 Pin=P3-4
Added Pin To Net: NetName=PA11 Pin=STM1-70
Added Net: Name=PA11
Added Pin To Net: NetName=PA12 Pin=P3-1
Added Pin To Net: NetName=PA12 Pin=STM1-71
Added Net: Name=PA12
Added Pin To Net: NetName=PA13 Pin=P3-2
Added Pin To Net: NetName=PA13 Pin=P5-3
Added Pin To Net: NetName=PA13 Pin=STM1-72
Added Net: Name=PA13
Added Pin To Net: NetName=PB0 Pin=P3-28
Added Pin To Net: NetName=PB0 Pin=STM1-35
Added Net: Name=PB0
Added Pin To Net: NetName=PB1 Pin=P3-25
Added Pin To Net: NetName=PB1 Pin=STM1-36
Added Net: Name=PB1
Added Pin To Net: NetName=PB6 Pin=P2-11
Added Pin To Net: NetName=PB6 Pin=STM1-92
Added Net: Name=PB6
Added Pin To Net: NetName=PB9 Pin=P2-16
Added Pin To Net: NetName=PB9 Pin=STM1-96
Added Net: Name=PB9
Added Pin To Net: NetName=PB12 Pin=P3-17
Added Pin To Net: NetName=PB12 Pin=STM1-51
Added Net: Name=PB12
Added Pin To Net: NetName=PB13 Pin=P3-18
Added Pin To Net: NetName=PB13 Pin=P4-3
Added Pin To Net: NetName=PB13 Pin=STM1-52
Added Net: Name=PB13
Added Pin To Net: NetName=PB14 Pin=P3-15
Added Pin To Net: NetName=PB14 Pin=STM1-53
Added Net: Name=PB14
Added Pin To Net: NetName=PB15 Pin=P3-16
Added Pin To Net: NetName=PB15 Pin=P4-4
Added Pin To Net: NetName=PB15 Pin=STM1-54
Added Net: Name=PB15
Added Pin To Net: NetName=PC0 Pin=P2-24
Added Pin To Net: NetName=PC0 Pin=STM1-15
Added Net: Name=PC0
Added Pin To Net: NetName=PC1 Pin=P2-23
Added Pin To Net: NetName=PC1 Pin=STM1-16
Added Net: Name=PC1
Added Pin To Net: NetName=PC2 Pin=P2-26
Added Pin To Net: NetName=PC2 Pin=STM1-17
Added Net: Name=PC2
Added Pin To Net: NetName=PC3 Pin=P2-25
Added Pin To Net: NetName=PC3 Pin=STM1-18
Added Net: Name=PC3
Added Pin To Net: NetName=PD0 Pin=P2-2
Added Pin To Net: NetName=PD0 Pin=STM1-81
Added Net: Name=PD0
Added Pin To Net: NetName=PD1 Pin=P2-1
Added Pin To Net: NetName=PD1 Pin=STM1-82
Added Net: Name=PD1
Added Pin To Net: NetName=PD2 Pin=P2-4
Added Pin To Net: NetName=PD2 Pin=STM1-83
Added Net: Name=PD2
Added Pin To Net: NetName=PD3 Pin=P2-3
Added Pin To Net: NetName=PD3 Pin=STM1-84
Added Net: Name=PD3
Added Pin To Net: NetName=PD4 Pin=P2-6
Added Pin To Net: NetName=PD4 Pin=STM1-85
Added Net: Name=PD4
Added Pin To Net: NetName=PD5 Pin=P2-5
Added Pin To Net: NetName=PD5 Pin=STM1-86
Added Net: Name=PD5
Added Pin To Net: NetName=PD6 Pin=P2-8
Added Pin To Net: NetName=PD6 Pin=STM1-87
Added Net: Name=PD6
Added Pin To Net: NetName=PD7 Pin=P2-7
Added Pin To Net: NetName=PD7 Pin=STM1-88
Added Net: Name=PD7
Added Pin To Net: NetName=PD8 Pin=P3-13
Added Pin To Net: NetName=PD8 Pin=STM1-55
Added Net: Name=PD8
Added Pin To Net: NetName=PD9 Pin=P3-14
Added Pin To Net: NetName=PD9 Pin=STM1-56
Added Net: Name=PD9
Added Pin To Net: NetName=PD10 Pin=P3-11
Added Pin To Net: NetName=PD10 Pin=STM1-57
Added Net: Name=PD10
Added Pin To Net: NetName=PD11 Pin=P3-12
Added Pin To Net: NetName=PD11 Pin=STM1-58
Added Net: Name=PD11
Added Pin To Net: NetName=PD12 Pin=P3-9
Added Pin To Net: NetName=PD12 Pin=STM1-59
Added Net: Name=PD12
Added Pin To Net: NetName=PD13 Pin=P3-10
Added Pin To Net: NetName=PD13 Pin=STM1-60
Added Net: Name=PD13
Added Pin To Net: NetName=PD14 Pin=P3-7
Added Pin To Net: NetName=PD14 Pin=STM1-61
Added Net: Name=PD14
Added Pin To Net: NetName=PD15 Pin=P3-8
Added Pin To Net: NetName=PD15 Pin=STM1-62
Added Net: Name=PD15
Added Pin To Net: NetName=PE0 Pin=P2-15
Added Pin To Net: NetName=PE0 Pin=STM1-97
Added Net: Name=PE0
Added Pin To Net: NetName=PE1 Pin=P2-18
Added Pin To Net: NetName=PE1 Pin=STM1-98
Added Net: Name=PE1
Added Pin To Net: NetName=PE2 Pin=P2-17
Added Pin To Net: NetName=PE2 Pin=STM1-1
Added Net: Name=PE2
Added Pin To Net: NetName=PE3 Pin=P2-20
Added Pin To Net: NetName=PE3 Pin=STM1-2
Added Net: Name=PE3
Added Pin To Net: NetName=PE4 Pin=P2-19
Added Pin To Net: NetName=PE4 Pin=STM1-3
Added Net: Name=PE4
Added Pin To Net: NetName=PE5 Pin=P2-22
Added Pin To Net: NetName=PE5 Pin=STM1-4
Added Net: Name=PE5
Added Pin To Net: NetName=PE6 Pin=P2-21
Added Pin To Net: NetName=PE6 Pin=STM1-5
Added Net: Name=PE6
Added Pin To Net: NetName=PE7 Pin=P3-23
Added Pin To Net: NetName=PE7 Pin=STM1-38
Added Net: Name=PE7
Added Pin To Net: NetName=PE8 Pin=P3-24
Added Pin To Net: NetName=PE8 Pin=STM1-39
Added Net: Name=PE8
Added Pin To Net: NetName=PE9 Pin=P3-21
Added Pin To Net: NetName=PE9 Pin=STM1-40
Added Net: Name=PE9
Added Pin To Net: NetName=PE10 Pin=P3-22
Added Pin To Net: NetName=PE10 Pin=STM1-41
Added Net: Name=PE10
Added Pin To Net: NetName=PE11 Pin=P3-19
Added Pin To Net: NetName=PE11 Pin=STM1-42
Added Net: Name=PE11
Added Member To Class: ClassName=ÔÆRD Member=Component D4 LED1
Added Member To Class: ClassName=ÔÆRD Member=Component P2 Header 16X2
Added Member To Class: ClassName=ÔÆRD Member=Component P3 Header 16X2
Added Room: Name=ÔÆRD
