Removed Pin From Net: NetName=MCU1 Pin=P2-1
Removed Pin From Net: NetName=MCU2 Pin=P2-2
Removed Pin From Net: NetName=MCU3 Pin=P2-3
Removed Pin From Net: NetName=MCU4 Pin=P2-4
Removed Pin From Net: NetName=MCU5 Pin=P2-5
Removed Pin From Net: NetName=MCU7 Pin=P2-6
Removed Pin From Net: NetName=MCU8 Pin=P2-7
Removed Pin From Net: NetName=MCU9 Pin=P2-8
Removed Pin From Net: NetName=MCU15 Pin=P2-9
Removed Pin From Net: NetName=MCU16 Pin=P2-10
Removed Pin From Net: NetName=MCU17 Pin=P2-11
Removed Pin From Net: NetName=MCU18 Pin=P2-12
Removed Pin From Net: NetName=LIGHT Pin=P2-13
Removed Pin From Net: NetName=ESP_RST Pin=P2-14
Removed Pin From Net: NetName=MCU25 Pin=P2-15
Removed Pin From Net: NetName=MCU26 Pin=P2-16
Removed Pin From Net: NetName=MCU29 Pin=P2-17
Removed Pin From Net: NetName=DHT11 Pin=P2-18
Removed Pin From Net: NetName=MCU31 Pin=P2-19
Removed Pin From Net: NetName=MCU32 Pin=P2-20
Removed Pin From Net: NetName=MCU33 Pin=P3-1
Removed Pin From Net: NetName=MCU34 Pin=P3-2
Removed Pin From Net: NetName=MCU35 Pin=P3-3
Removed Pin From Net: NetName=MCU36 Pin=P3-4
Removed Pin From Net: NetName=BOOT1 Pin=P3-5
Removed Pin From Net: NetName=MCU38 Pin=P3-6
Removed Pin From Net: NetName=MCU39 Pin=P3-7
Removed Pin From Net: NetName=MCU40 Pin=P3-8
Removed Pin From Net: NetName=MCU41 Pin=P3-9
Removed Pin From Net: NetName=MCU42 Pin=P3-10
Removed Pin From Net: NetName=MCU43 Pin=P3-11
Removed Pin From Net: NetName=MCU44 Pin=P3-12
Removed Pin From Net: NetName=MCU45 Pin=P3-13
Removed Pin From Net: NetName=MCU46 Pin=P3-14
Removed Pin From Net: NetName=MCU47 Pin=P3-15
Removed Pin From Net: NetName=MCU48 Pin=P3-16
Removed Pin From Net: NetName=MCU51 Pin=P3-17
Removed Pin From Net: NetName=MCU52 Pin=P3-18
Removed Pin From Net: NetName=MCU53 Pin=P3-19
Removed Pin From Net: NetName=MCU54 Pin=P3-20
Removed Pin From Net: NetName=MCU55 Pin=P4-1
Removed Pin From Net: NetName=MCU56 Pin=P4-2
Removed Pin From Net: NetName=MCU57 Pin=P4-3
Removed Pin From Net: NetName=MCU58 Pin=P4-4
Removed Pin From Net: NetName=MCU59 Pin=P4-5
Removed Pin From Net: NetName=MCU60 Pin=P4-6
Removed Pin From Net: NetName=MCU61 Pin=P4-7
Removed Pin From Net: NetName=MCU62 Pin=P4-8
Removed Pin From Net: NetName=MCU63 Pin=P4-9
Removed Pin From Net: NetName=MCU64 Pin=P4-10
Removed Pin From Net: NetName=MCU65 Pin=P4-11
Removed Pin From Net: NetName=MCU66 Pin=P4-12
Removed Pin From Net: NetName=MCU67 Pin=P4-13
Removed Pin From Net: NetName=MCU68 Pin=P4-14
Removed Pin From Net: NetName=MCU69 Pin=P4-15
Removed Pin From Net: NetName=MCU70 Pin=P4-16
Removed Pin From Net: NetName=MCU71 Pin=P4-17
Removed Pin From Net: NetName=MCU72 Pin=P4-18
Removed Pin From Net: NetName=MCU76 Pin=P4-19
Removed Pin From Net: NetName=MCU77 Pin=P4-20
Removed Pin From Net: NetName=MCU78 Pin=P5-1
Removed Pin From Net: NetName=MCU79 Pin=P5-2
Removed Pin From Net: NetName=MCU80 Pin=P5-3
Removed Pin From Net: NetName=LED0 Pin=P5-4
Removed Pin From Net: NetName=LED1 Pin=P5-5
Removed Pin From Net: NetName=LED2 Pin=P5-6
Removed Pin From Net: NetName=LED3 Pin=P5-7
Removed Pin From Net: NetName=KEY0 Pin=P5-8
Removed Pin From Net: NetName=KEY1 Pin=P5-9
Removed Pin From Net: NetName=KEY2 Pin=P5-10
Removed Pin From Net: NetName=KEY3 Pin=P5-11
Removed Pin From Net: NetName=MCU89 Pin=P5-12
Removed Pin From Net: NetName=MCU90 Pin=P5-13
Removed Pin From Net: NetName=MCU91 Pin=P5-14
Removed Pin From Net: NetName=MCU92 Pin=P5-15
Removed Pin From Net: NetName=MCU93 Pin=P5-16
Removed Pin From Net: NetName=MCU95 Pin=P5-17
Removed Pin From Net: NetName=MCU96 Pin=P5-18
Removed Pin From Net: NetName=MCU97 Pin=P5-19
Removed Pin From Net: NetName=MCU98 Pin=P5-20
Removed Pin From Net: NetName=GND Pin=U4-1
Removed Pin From Net: NetName=GPIO_15 Pin=U4-2
Removed Pin From Net: NetName=GPIO_0 Pin=U4-4
Removed Pin From Net: NetName=NetD1_1 Pin=U4-7
Removed Pin From Net: NetName=NetD2_2 Pin=U4-8
Removed Pin From Net: NetName=ESP_RST Pin=U4-9
Removed Pin From Net: NetName=NetR14_2 Pin=U4-11
Removed Pin From Net: NetName=VCC3.3 Pin=U4-16
Removed Member From Class: ClassName=ÔÆRD Member=P2
Removed Member From Class: ClassName=ÔÆRD Member=P3
Removed Member From Class: ClassName=ÔÆRD Member=P4
Removed Member From Class: ClassName=ÔÆRD Member=P5
Change Component DesignItemId : Designator=U4 Old DesignItemId=ESP8266 New DesignItemId=2x10
Change Component Footprint: Designator=U4 Old Footprint=ESP8266 New Footprint=HDR2X10
Change Component Comment : Designator=U4 Old Comment=ESP8266 New Comment=2x10
Added Component: Designator=U5(HDR2X10)
Added Component: Designator=U6(ESP8266)
Added Component: Designator=U7(HDR2X10)
Added Component: Designator=U8(HDR2X10)
Added Pin To Net: NetName=MCU1 Pin=U4-1
Added Pin To Net: NetName=MCU2 Pin=U4-2
Added Pin To Net: NetName=MCU3 Pin=U4-3
Added Pin To Net: NetName=MCU4 Pin=U4-4
Added Pin To Net: NetName=MCU5 Pin=U4-5
Added Pin To Net: NetName=MCU7 Pin=U4-6
Added Pin To Net: NetName=MCU8 Pin=U4-7
Added Pin To Net: NetName=MCU9 Pin=U4-8
Added Pin To Net: NetName=MCU15 Pin=U4-9
Added Pin To Net: NetName=MCU16 Pin=U4-10
Added Pin To Net: NetName=MCU32 Pin=U4-11
Added Pin To Net: NetName=MCU31 Pin=U4-12
Added Pin To Net: NetName=DHT11 Pin=U4-13
Added Pin To Net: NetName=MCU29 Pin=U4-14
Added Pin To Net: NetName=MCU26 Pin=U4-15
Added Pin To Net: NetName=MCU25 Pin=U4-16
Added Pin To Net: NetName=ESP_RST Pin=U4-17
Added Pin To Net: NetName=LIGHT Pin=U4-18
Added Pin To Net: NetName=MCU18 Pin=U4-19
Added Pin To Net: NetName=MCU17 Pin=U4-20
Added Pin To Net: NetName=MCU33 Pin=U5-1
Added Pin To Net: NetName=MCU34 Pin=U5-2
Added Pin To Net: NetName=MCU35 Pin=U5-3
Added Pin To Net: NetName=MCU36 Pin=U5-4
Added Pin To Net: NetName=BOOT1 Pin=U5-5
Added Pin To Net: NetName=MCU38 Pin=U5-6
Added Pin To Net: NetName=MCU39 Pin=U5-7
Added Pin To Net: NetName=MCU40 Pin=U5-8
Added Pin To Net: NetName=MCU41 Pin=U5-9
Added Pin To Net: NetName=MCU42 Pin=U5-10
Added Pin To Net: NetName=MCU54 Pin=U5-11
Added Pin To Net: NetName=MCU53 Pin=U5-12
Added Pin To Net: NetName=MCU52 Pin=U5-13
Added Pin To Net: NetName=MCU51 Pin=U5-14
Added Pin To Net: NetName=MCU48 Pin=U5-15
Added Pin To Net: NetName=MCU47 Pin=U5-16
Added Pin To Net: NetName=MCU46 Pin=U5-17
Added Pin To Net: NetName=MCU45 Pin=U5-18
Added Pin To Net: NetName=MCU44 Pin=U5-19
Added Pin To Net: NetName=MCU43 Pin=U5-20
Added Pin To Net: NetName=GND Pin=U4-1
Added Pin To Net: NetName=GPIO_15 Pin=U4-2
Added Pin To Net: NetName=GPIO_0 Pin=U4-4
Added Pin To Net: NetName=NetD1_1 Pin=U4-7
Added Pin To Net: NetName=NetD2_2 Pin=U4-8
Added Pin To Net: NetName=ESP_RST Pin=U4-9
Added Pin To Net: NetName=NetR14_2 Pin=U4-11
Added Pin To Net: NetName=VCC3.3 Pin=U4-16
Added Pin To Net: NetName=MCU55 Pin=U7-1
Added Pin To Net: NetName=MCU56 Pin=U7-2
Added Pin To Net: NetName=MCU57 Pin=U7-3
Added Pin To Net: NetName=MCU58 Pin=U7-4
Added Pin To Net: NetName=MCU59 Pin=U7-5
Added Pin To Net: NetName=MCU60 Pin=U7-6
Added Pin To Net: NetName=MCU61 Pin=U7-7
Added Pin To Net: NetName=MCU62 Pin=U7-8
Added Pin To Net: NetName=MCU63 Pin=U7-9
Added Pin To Net: NetName=MCU64 Pin=U7-10
Added Pin To Net: NetName=MCU77 Pin=U7-11
Added Pin To Net: NetName=MCU76 Pin=U7-12
Added Pin To Net: NetName=MCU72 Pin=U7-13
Added Pin To Net: NetName=MCU71 Pin=U7-14
Added Pin To Net: NetName=MCU70 Pin=U7-15
Added Pin To Net: NetName=MCU69 Pin=U7-16
Added Pin To Net: NetName=MCU68 Pin=U7-17
Added Pin To Net: NetName=MCU67 Pin=U7-18
Added Pin To Net: NetName=MCU66 Pin=U7-19
Added Pin To Net: NetName=MCU65 Pin=U7-20
Added Pin To Net: NetName=MCU78 Pin=U8-1
Added Pin To Net: NetName=MCU79 Pin=U8-2
Added Pin To Net: NetName=MCU80 Pin=U8-3
Added Pin To Net: NetName=LED0 Pin=U8-4
Added Pin To Net: NetName=LED1 Pin=U8-5
Added Pin To Net: NetName=LED2 Pin=U8-6
Added Pin To Net: NetName=LED3 Pin=U8-7
Added Pin To Net: NetName=KEY0 Pin=U8-8
Added Pin To Net: NetName=KEY1 Pin=U8-9
Added Pin To Net: NetName=KEY2 Pin=U8-10
Added Pin To Net: NetName=MCU98 Pin=U8-11
Added Pin To Net: NetName=MCU97 Pin=U8-12
Added Pin To Net: NetName=MCU96 Pin=U8-13
Added Pin To Net: NetName=MCU95 Pin=U8-14
Added Pin To Net: NetName=MCU93 Pin=U8-15
Added Pin To Net: NetName=MCU92 Pin=U8-16
Added Pin To Net: NetName=MCU91 Pin=U8-17
Added Pin To Net: NetName=MCU90 Pin=U8-18
Added Pin To Net: NetName=MCU89 Pin=U8-19
Added Pin To Net: NetName=KEY3 Pin=U8-20
Added Member To Class: ClassName=ÔÆRD Member=Component U5 2x10
Added Member To Class: ClassName=ÔÆRD Member=Component U6 ESP8266
Added Member To Class: ClassName=ÔÆRD Member=Component U7 2x10
Added Member To Class: ClassName=ÔÆRD Member=Component U8 2x10
Added Room: Name=ÔÆRD
