Added Component: Designator=C1(0805)
Added Component: Designator=C2(0805)
Added Component: Designator=C3(0805)
Added Component: Designator=C4(0805)
Added Component: Designator=C5(0805)
Added Component: Designator=C6(0805)
Added Component: Designator=C7(0805)
Added Component: Designator=C8(0805)
Added Component: Designator=C9(0805)
Added Component: Designator=C10(0805)
Added Component: Designator=C11(0805)
Added Component: Designator=C12(0805)
Added Component: Designator=C13(0805)
Added Component: Designator=C14(0805)
Added Component: Designator=C15(0805)
Added Component: Designator=C16(0805)
Added Component: Designator=C17(0805)
Added Component: Designator=C18(0805)
Added Component: Designator=D1(SOD-123)
Added Component: Designator=D2(SOD-123)
Added Component: Designator=D3(0805)
Added Component: Designator=D4(3.2X1.6X1.1)
Added Component: Designator=D5(3.2X1.6X1.1)
Added Component: Designator=KEY1(PUSHSW)
Added Component: Designator=KEY2(PUSHSW)
Added Component: Designator=KEY3(PUSHSW)
Added Component: Designator=KEY4(PUSHSW)
Added Component: Designator=L1(0805)
Added Component: Designator=L2(0805)
Added Component: Designator=P1(HDR2X3)
Added Component: Designator=P2(HDR2X10_CEN)
Added Component: Designator=P3(HDR2X10_CEN)
Added Component: Designator=P4(HDR2X10_CEN)
Added Component: Designator=P5(HDR2X10_CEN)
Added Component: Designator=R1(0805)
Added Component: Designator=R2(0805)
Added Component: Designator=R3(0805)
Added Component: Designator=R4(0805)
Added Component: Designator=R5(0805)
Added Component: Designator=R6(0805)
Added Component: Designator=R7(0805)
Added Component: Designator=R8(0805)
Added Component: Designator=R9(0805)
Added Component: Designator=R10(0805)
Added Component: Designator=R11(0805)
Added Component: Designator=R12(0805)
Added Component: Designator=R13(0805)
Added Component: Designator=R14(0805)
Added Component: Designator=R15(0805)
Added Component: Designator=R16(0805)
Added Component: Designator=R17(0805)
Added Component: Designator=R18(0805)
Added Component: Designator=R19(0805)
Added Component: Designator=R20(0805)
Added Component: Designator=R21(0805)
Added Component: Designator=R22(0805)
Added Component: Designator=R23(0805)
Added Component: Designator=R24(0805)
Added Component: Designator=R25(0805)
Added Component: Designator=RESET1(PUSHSW)
Added Component: Designator=STM1(LQFP100)
Added Component: Designator=U1(SPX1117M)
Added Component: Designator=U2(ch340T)
Added Component: Designator=U3(HDR1X4)
Added Component: Designator=U4(ESP8266)
Added Component: Designator=USB1(MINI USB)
Added Component: Designator=Y1(SM8)
Added Component: Designator=Y2(XTAL-2)
Added Component: Designator=Y3(XTAL-2)
Added Component: Designator=光敏电阻(GM)
Added Pin To Net: NetName=BOOT0 Pin=R2-1
Added Pin To Net: NetName=BOOT0 Pin=STM1-94
Added Net: Name=BOOT0
Added Pin To Net: NetName=BOOT1 Pin=P3-5
Added Pin To Net: NetName=BOOT1 Pin=R3-2
Added Pin To Net: NetName=BOOT1 Pin=STM1-37
Added Net: Name=BOOT1
Added Pin To Net: NetName=CH340_D+ Pin=R6-2
Added Pin To Net: NetName=CH340_D+ Pin=U2-6
Added Net: Name=CH340_D+
Added Pin To Net: NetName=CH340_D- Pin=R5-2
Added Pin To Net: NetName=CH340_D- Pin=U2-7
Added Net: Name=CH340_D-
Added Pin To Net: NetName=DHT11 Pin=P2-18
Added Pin To Net: NetName=DHT11 Pin=R9-1
Added Pin To Net: NetName=DHT11 Pin=STM1-30
Added Net: Name=DHT11
Added Pin To Net: NetName=ESP_RST Pin=P2-14
Added Pin To Net: NetName=ESP_RST Pin=R15-2
Added Pin To Net: NetName=ESP_RST Pin=STM1-24
Added Pin To Net: NetName=ESP_RST Pin=U4-9
Added Net: Name=ESP_RST
Added Pin To Net: NetName=GND Pin=C1-1
Added Pin To Net: NetName=GND Pin=C2-1
Added Pin To Net: NetName=GND Pin=C3-1
Added Pin To Net: NetName=GND Pin=C4-1
Added Pin To Net: NetName=GND Pin=C5-1
Added Pin To Net: NetName=GND Pin=C9-1
Added Pin To Net: NetName=GND Pin=C10-1
Added Pin To Net: NetName=GND Pin=C11-1
Added Pin To Net: NetName=GND Pin=C12-1
Added Pin To Net: NetName=GND Pin=C13-1
Added Pin To Net: NetName=GND Pin=C14-1
Added Pin To Net: NetName=GND Pin=C15-1
Added Pin To Net: NetName=GND Pin=C16-1
Added Pin To Net: NetName=GND Pin=C17-1
Added Pin To Net: NetName=GND Pin=C18-1
Added Pin To Net: NetName=GND Pin=KEY1-1
Added Pin To Net: NetName=GND Pin=KEY1-1
Added Pin To Net: NetName=GND Pin=KEY2-1
Added Pin To Net: NetName=GND Pin=KEY2-1
Added Pin To Net: NetName=GND Pin=KEY3-1
Added Pin To Net: NetName=GND Pin=KEY3-1
Added Pin To Net: NetName=GND Pin=KEY4-1
Added Pin To Net: NetName=GND Pin=KEY4-1
Added Pin To Net: NetName=GND Pin=L2-1
Added Pin To Net: NetName=GND Pin=P1-5
Added Pin To Net: NetName=GND Pin=P1-6
Added Pin To Net: NetName=GND Pin=R7-2
Added Pin To Net: NetName=GND Pin=R11-1
Added Pin To Net: NetName=GND Pin=RESET1-2
Added Pin To Net: NetName=GND Pin=RESET1-2
Added Pin To Net: NetName=GND Pin=STM1-10
Added Pin To Net: NetName=GND Pin=STM1-27
Added Pin To Net: NetName=GND Pin=STM1-49
Added Pin To Net: NetName=GND Pin=STM1-74
Added Pin To Net: NetName=GND Pin=STM1-99
Added Pin To Net: NetName=GND Pin=U1-1
Added Pin To Net: NetName=GND Pin=U2-8
Added Pin To Net: NetName=GND Pin=U4-1
Added Pin To Net: NetName=GND Pin=光敏电阻-2
Added Net: Name=GND
Added Pin To Net: NetName=GPIO_0 Pin=R10-2
Added Pin To Net: NetName=GPIO_0 Pin=U4-4
Added Net: Name=GPIO_0
Added Pin To Net: NetName=GPIO_15 Pin=R11-2
Added Pin To Net: NetName=GPIO_15 Pin=U4-2
Added Net: Name=GPIO_15
Added Pin To Net: NetName=KEY0 Pin=KEY4-2
Added Pin To Net: NetName=KEY0 Pin=KEY4-2
Added Pin To Net: NetName=KEY0 Pin=P5-8
Added Pin To Net: NetName=KEY0 Pin=R24-2
Added Pin To Net: NetName=KEY0 Pin=STM1-85
Added Net: Name=KEY0
Added Pin To Net: NetName=KEY1 Pin=KEY1-2
Added Pin To Net: NetName=KEY1 Pin=KEY1-2
Added Pin To Net: NetName=KEY1 Pin=P5-9
Added Pin To Net: NetName=KEY1 Pin=R18-2
Added Pin To Net: NetName=KEY1 Pin=STM1-86
Added Net: Name=KEY1
Added Pin To Net: NetName=KEY2 Pin=KEY2-2
Added Pin To Net: NetName=KEY2 Pin=KEY2-2
Added Pin To Net: NetName=KEY2 Pin=P5-10
Added Pin To Net: NetName=KEY2 Pin=R20-2
Added Pin To Net: NetName=KEY2 Pin=STM1-87
Added Net: Name=KEY2
Added Pin To Net: NetName=KEY3 Pin=KEY3-2
Added Pin To Net: NetName=KEY3 Pin=KEY3-2
Added Pin To Net: NetName=KEY3 Pin=P5-11
Added Pin To Net: NetName=KEY3 Pin=R22-2
Added Pin To Net: NetName=KEY3 Pin=STM1-88
Added Net: Name=KEY3
Added Pin To Net: NetName=LED0 Pin=P5-4
Added Pin To Net: NetName=LED0 Pin=STM1-81
Added Net: Name=LED0
Added Pin To Net: NetName=LED1 Pin=D3-2
Added Pin To Net: NetName=LED1 Pin=P5-5
Added Pin To Net: NetName=LED1 Pin=STM1-82
Added Net: Name=LED1
Added Pin To Net: NetName=LED2 Pin=D4-2
Added Pin To Net: NetName=LED2 Pin=P5-6
Added Pin To Net: NetName=LED2 Pin=STM1-83
Added Net: Name=LED2
Added Pin To Net: NetName=LED3 Pin=D5-2
Added Pin To Net: NetName=LED3 Pin=P5-7
Added Pin To Net: NetName=LED3 Pin=STM1-84
Added Net: Name=LED3
Added Pin To Net: NetName=LIGHT Pin=P2-13
Added Pin To Net: NetName=LIGHT Pin=STM1-23
Added Net: Name=LIGHT
Added Pin To Net: NetName=MCU1 Pin=P2-1
Added Pin To Net: NetName=MCU1 Pin=STM1-1
Added Net: Name=MCU1
Added Pin To Net: NetName=MCU2 Pin=P2-2
Added Pin To Net: NetName=MCU2 Pin=STM1-2
Added Net: Name=MCU2
Added Pin To Net: NetName=MCU3 Pin=P2-3
Added Pin To Net: NetName=MCU3 Pin=STM1-3
Added Net: Name=MCU3
Added Pin To Net: NetName=MCU4 Pin=P2-4
Added Pin To Net: NetName=MCU4 Pin=STM1-4
Added Net: Name=MCU4
Added Pin To Net: NetName=MCU5 Pin=P2-5
Added Pin To Net: NetName=MCU5 Pin=STM1-5
Added Net: Name=MCU5
Added Pin To Net: NetName=MCU7 Pin=P2-6
Added Pin To Net: NetName=MCU7 Pin=STM1-7
Added Net: Name=MCU7
Added Pin To Net: NetName=MCU8 Pin=C12-2
Added Pin To Net: NetName=MCU8 Pin=P2-7
Added Pin To Net: NetName=MCU8 Pin=STM1-8
Added Pin To Net: NetName=MCU8 Pin=Y1-2
Added Net: Name=MCU8
Added Pin To Net: NetName=MCU9 Pin=C14-2
Added Pin To Net: NetName=MCU9 Pin=P2-8
Added Pin To Net: NetName=MCU9 Pin=STM1-9
Added Pin To Net: NetName=MCU9 Pin=Y1-1
Added Net: Name=MCU9
Added Pin To Net: NetName=MCU15 Pin=P2-9
Added Pin To Net: NetName=MCU15 Pin=STM1-15
Added Net: Name=MCU15
Added Pin To Net: NetName=MCU16 Pin=P2-10
Added Pin To Net: NetName=MCU16 Pin=STM1-16
Added Net: Name=MCU16
Added Pin To Net: NetName=MCU17 Pin=P2-11
Added Pin To Net: NetName=MCU17 Pin=STM1-17
Added Net: Name=MCU17
Added Pin To Net: NetName=MCU18 Pin=P2-12
Added Pin To Net: NetName=MCU18 Pin=STM1-18
Added Net: Name=MCU18
Added Pin To Net: NetName=MCU25 Pin=D1-2
Added Pin To Net: NetName=MCU25 Pin=P2-15
Added Pin To Net: NetName=MCU25 Pin=STM1-25
Added Net: Name=MCU25
Added Pin To Net: NetName=MCU26 Pin=D2-1
Added Pin To Net: NetName=MCU26 Pin=P2-16
Added Pin To Net: NetName=MCU26 Pin=R12-1
Added Pin To Net: NetName=MCU26 Pin=STM1-26
Added Net: Name=MCU26
Added Pin To Net: NetName=MCU29 Pin=P2-17
Added Pin To Net: NetName=MCU29 Pin=STM1-29
Added Net: Name=MCU29
Added Pin To Net: NetName=MCU31 Pin=P2-19
Added Pin To Net: NetName=MCU31 Pin=STM1-31
Added Net: Name=MCU31
Added Pin To Net: NetName=MCU32 Pin=P2-20
Added Pin To Net: NetName=MCU32 Pin=STM1-32
Added Net: Name=MCU32
Added Pin To Net: NetName=MCU33 Pin=P3-1
Added Pin To Net: NetName=MCU33 Pin=STM1-33
Added Net: Name=MCU33
Added Pin To Net: NetName=MCU34 Pin=P3-2
Added Pin To Net: NetName=MCU34 Pin=STM1-34
Added Net: Name=MCU34
Added Pin To Net: NetName=MCU35 Pin=P3-3
Added Pin To Net: NetName=MCU35 Pin=STM1-35
Added Net: Name=MCU35
Added Pin To Net: NetName=MCU36 Pin=P3-4
Added Pin To Net: NetName=MCU36 Pin=STM1-36
Added Net: Name=MCU36
Added Pin To Net: NetName=MCU38 Pin=P3-6
Added Pin To Net: NetName=MCU38 Pin=STM1-38
Added Net: Name=MCU38
Added Pin To Net: NetName=MCU39 Pin=P3-7
Added Pin To Net: NetName=MCU39 Pin=STM1-39
Added Net: Name=MCU39
Added Pin To Net: NetName=MCU40 Pin=P3-8
Added Pin To Net: NetName=MCU40 Pin=STM1-40
Added Net: Name=MCU40
Added Pin To Net: NetName=MCU41 Pin=P3-9
Added Pin To Net: NetName=MCU41 Pin=STM1-41
Added Net: Name=MCU41
Added Pin To Net: NetName=MCU42 Pin=P3-10
Added Pin To Net: NetName=MCU42 Pin=STM1-42
Added Net: Name=MCU42
Added Pin To Net: NetName=MCU43 Pin=P3-11
Added Pin To Net: NetName=MCU43 Pin=STM1-43
Added Net: Name=MCU43
Added Pin To Net: NetName=MCU44 Pin=P3-12
Added Pin To Net: NetName=MCU44 Pin=STM1-44
Added Net: Name=MCU44
Added Pin To Net: NetName=MCU45 Pin=P3-13
Added Pin To Net: NetName=MCU45 Pin=STM1-45
Added Net: Name=MCU45
Added Pin To Net: NetName=MCU46 Pin=P3-14
Added Pin To Net: NetName=MCU46 Pin=STM1-46
Added Net: Name=MCU46
Added Pin To Net: NetName=MCU47 Pin=P3-15
Added Pin To Net: NetName=MCU47 Pin=STM1-47
Added Net: Name=MCU47
Added Pin To Net: NetName=MCU48 Pin=P3-16
Added Pin To Net: NetName=MCU48 Pin=STM1-48
Added Net: Name=MCU48
Added Pin To Net: NetName=MCU51 Pin=P3-17
Added Pin To Net: NetName=MCU51 Pin=STM1-51
Added Net: Name=MCU51
Added Pin To Net: NetName=MCU52 Pin=P3-18
Added Pin To Net: NetName=MCU52 Pin=STM1-52
Added Net: Name=MCU52
Added Pin To Net: NetName=MCU53 Pin=P3-19
Added Pin To Net: NetName=MCU53 Pin=STM1-53
Added Net: Name=MCU53
Added Pin To Net: NetName=MCU54 Pin=P3-20
Added Pin To Net: NetName=MCU54 Pin=STM1-54
Added Net: Name=MCU54
Added Pin To Net: NetName=MCU55 Pin=P4-1
Added Pin To Net: NetName=MCU55 Pin=STM1-55
Added Net: Name=MCU55
Added Pin To Net: NetName=MCU56 Pin=P4-2
Added Pin To Net: NetName=MCU56 Pin=STM1-56
Added Net: Name=MCU56
Added Pin To Net: NetName=MCU57 Pin=P4-3
Added Pin To Net: NetName=MCU57 Pin=STM1-57
Added Net: Name=MCU57
Added Pin To Net: NetName=MCU58 Pin=P4-4
Added Pin To Net: NetName=MCU58 Pin=STM1-58
Added Net: Name=MCU58
Added Pin To Net: NetName=MCU59 Pin=P4-5
Added Pin To Net: NetName=MCU59 Pin=STM1-59
Added Net: Name=MCU59
Added Pin To Net: NetName=MCU60 Pin=P4-6
Added Pin To Net: NetName=MCU60 Pin=STM1-60
Added Net: Name=MCU60
Added Pin To Net: NetName=MCU61 Pin=P4-7
Added Pin To Net: NetName=MCU61 Pin=STM1-61
Added Net: Name=MCU61
Added Pin To Net: NetName=MCU62 Pin=P4-8
Added Pin To Net: NetName=MCU62 Pin=STM1-62
Added Net: Name=MCU62
Added Pin To Net: NetName=MCU63 Pin=P4-9
Added Pin To Net: NetName=MCU63 Pin=STM1-63
Added Net: Name=MCU63
Added Pin To Net: NetName=MCU64 Pin=P4-10
Added Pin To Net: NetName=MCU64 Pin=STM1-64
Added Net: Name=MCU64
Added Pin To Net: NetName=MCU65 Pin=P4-11
Added Pin To Net: NetName=MCU65 Pin=STM1-65
Added Net: Name=MCU65
Added Pin To Net: NetName=MCU66 Pin=P4-12
Added Pin To Net: NetName=MCU66 Pin=STM1-66
Added Net: Name=MCU66
Added Pin To Net: NetName=MCU67 Pin=P4-13
Added Pin To Net: NetName=MCU67 Pin=STM1-67
Added Net: Name=MCU67
Added Pin To Net: NetName=MCU68 Pin=P4-14
Added Pin To Net: NetName=MCU68 Pin=STM1-68
Added Pin To Net: NetName=MCU68 Pin=U2-4
Added Net: Name=MCU68
Added Pin To Net: NetName=MCU69 Pin=P4-15
Added Pin To Net: NetName=MCU69 Pin=STM1-69
Added Pin To Net: NetName=MCU69 Pin=U2-3
Added Net: Name=MCU69
Added Pin To Net: NetName=MCU70 Pin=P4-16
Added Pin To Net: NetName=MCU70 Pin=STM1-70
Added Net: Name=MCU70
Added Pin To Net: NetName=MCU71 Pin=P4-17
Added Pin To Net: NetName=MCU71 Pin=STM1-71
Added Net: Name=MCU71
Added Pin To Net: NetName=MCU72 Pin=P4-18
Added Pin To Net: NetName=MCU72 Pin=STM1-72
Added Net: Name=MCU72
Added Pin To Net: NetName=MCU76 Pin=P4-19
Added Pin To Net: NetName=MCU76 Pin=STM1-76
Added Net: Name=MCU76
Added Pin To Net: NetName=MCU77 Pin=P4-20
Added Pin To Net: NetName=MCU77 Pin=STM1-77
Added Net: Name=MCU77
Added Pin To Net: NetName=MCU78 Pin=P5-1
Added Pin To Net: NetName=MCU78 Pin=STM1-78
Added Net: Name=MCU78
Added Pin To Net: NetName=MCU79 Pin=P5-2
Added Pin To Net: NetName=MCU79 Pin=STM1-79
Added Net: Name=MCU79
Added Pin To Net: NetName=MCU80 Pin=P5-3
Added Pin To Net: NetName=MCU80 Pin=STM1-80
Added Net: Name=MCU80
Added Pin To Net: NetName=MCU89 Pin=P5-12
Added Pin To Net: NetName=MCU89 Pin=STM1-89
Added Net: Name=MCU89
Added Pin To Net: NetName=MCU90 Pin=P5-13
Added Pin To Net: NetName=MCU90 Pin=STM1-90
Added Net: Name=MCU90
Added Pin To Net: NetName=MCU91 Pin=P5-14
Added Pin To Net: NetName=MCU91 Pin=STM1-91
Added Net: Name=MCU91
Added Pin To Net: NetName=MCU92 Pin=P5-15
Added Pin To Net: NetName=MCU92 Pin=STM1-92
Added Net: Name=MCU92
Added Pin To Net: NetName=MCU93 Pin=P5-16
Added Pin To Net: NetName=MCU93 Pin=STM1-93
Added Net: Name=MCU93
Added Pin To Net: NetName=MCU95 Pin=P5-17
Added Pin To Net: NetName=MCU95 Pin=STM1-95
Added Net: Name=MCU95
Added Pin To Net: NetName=MCU96 Pin=P5-18
Added Pin To Net: NetName=MCU96 Pin=STM1-96
Added Net: Name=MCU96
Added Pin To Net: NetName=MCU97 Pin=P5-19
Added Pin To Net: NetName=MCU97 Pin=STM1-97
Added Net: Name=MCU97
Added Pin To Net: NetName=MCU98 Pin=P5-20
Added Pin To Net: NetName=MCU98 Pin=STM1-98
Added Net: Name=MCU98
Added Pin To Net: NetName=NetC17_2 Pin=C17-2
Added Pin To Net: NetName=NetC17_2 Pin=R7-1
Added Pin To Net: NetName=NetC17_2 Pin=USB1-5
Added Net: Name=NetC17_2
Added Pin To Net: NetName=NetD1_1 Pin=D1-1
Added Pin To Net: NetName=NetD1_1 Pin=R13-1
Added Pin To Net: NetName=NetD1_1 Pin=U4-7
Added Net: Name=NetD1_1
Added Pin To Net: NetName=NetD2_2 Pin=D2-2
Added Pin To Net: NetName=NetD2_2 Pin=U4-8
Added Net: Name=NetD2_2
Added Pin To Net: NetName=NetD3_1 Pin=D3-1
Added Pin To Net: NetName=NetD3_1 Pin=R17-2
Added Net: Name=NetD3_1
Added Pin To Net: NetName=NetD4_1 Pin=D4-1
Added Pin To Net: NetName=NetD4_1 Pin=R19-2
Added Net: Name=NetD4_1
Added Pin To Net: NetName=NetD5_1 Pin=D5-1
Added Pin To Net: NetName=NetD5_1 Pin=R21-2
Added Net: Name=NetD5_1
Added Pin To Net: NetName=NetP1_3 Pin=P1-3
Added Pin To Net: NetName=NetP1_3 Pin=R2-2
Added Net: Name=NetP1_3
Added Pin To Net: NetName=NetP1_4 Pin=P1-4
Added Pin To Net: NetName=NetP1_4 Pin=R3-1
Added Net: Name=NetP1_4
Added Pin To Net: NetName=NetR4_1 Pin=R4-1
Added Pin To Net: NetName=NetR4_1 Pin=R6-1
Added Pin To Net: NetName=NetR4_1 Pin=USB1-3
Added Net: Name=NetR4_1
Added Pin To Net: NetName=NetR5_1 Pin=R5-1
Added Pin To Net: NetName=NetR5_1 Pin=USB1-2
Added Net: Name=NetR5_1
Added Pin To Net: NetName=NetR14_2 Pin=R14-2
Added Pin To Net: NetName=NetR14_2 Pin=U4-11
Added Net: Name=NetR14_2
Added Pin To Net: NetName=NetR16_1 Pin=R16-1
Added Pin To Net: NetName=NetR16_1 Pin=光敏电阻-1
Added Net: Name=NetR16_1
Added Pin To Net: NetName=OSC8_IN Pin=C15-2
Added Pin To Net: NetName=OSC8_IN Pin=R8-2
Added Pin To Net: NetName=OSC8_IN Pin=STM1-12
Added Pin To Net: NetName=OSC8_IN Pin=Y3-2
Added Net: Name=OSC8_IN
Added Pin To Net: NetName=OSC8_OUT Pin=C18-2
Added Pin To Net: NetName=OSC8_OUT Pin=R8-1
Added Pin To Net: NetName=OSC8_OUT Pin=STM1-13
Added Pin To Net: NetName=OSC8_OUT Pin=Y3-1
Added Net: Name=OSC8_OUT
Added Pin To Net: NetName=OSC12_IN Pin=C13-2
Added Pin To Net: NetName=OSC12_IN Pin=U2-9
Added Pin To Net: NetName=OSC12_IN Pin=Y2-2
Added Net: Name=OSC12_IN
Added Pin To Net: NetName=OSC12_OUT Pin=C16-2
Added Pin To Net: NetName=OSC12_OUT Pin=U2-10
Added Pin To Net: NetName=OSC12_OUT Pin=Y2-1
Added Net: Name=OSC12_OUT
Added Pin To Net: NetName=RESET Pin=C11-2
Added Pin To Net: NetName=RESET Pin=R1-2
Added Pin To Net: NetName=RESET Pin=RESET1-1
Added Pin To Net: NetName=RESET Pin=RESET1-1
Added Pin To Net: NetName=RESET Pin=STM1-14
Added Net: Name=RESET
Added Pin To Net: NetName=VCC3.3 Pin=C1-2
Added Pin To Net: NetName=VCC3.3 Pin=C2-2
Added Pin To Net: NetName=VCC3.3 Pin=C3-2
Added Pin To Net: NetName=VCC3.3 Pin=C4-2
Added Pin To Net: NetName=VCC3.3 Pin=C5-2
Added Pin To Net: NetName=VCC3.3 Pin=C10-2
Added Pin To Net: NetName=VCC3.3 Pin=L1-2
Added Pin To Net: NetName=VCC3.3 Pin=P1-1
Added Pin To Net: NetName=VCC3.3 Pin=P1-2
Added Pin To Net: NetName=VCC3.3 Pin=R1-1
Added Pin To Net: NetName=VCC3.3 Pin=R4-2
Added Pin To Net: NetName=VCC3.3 Pin=R10-1
Added Pin To Net: NetName=VCC3.3 Pin=R12-2
Added Pin To Net: NetName=VCC3.3 Pin=R13-2
Added Pin To Net: NetName=VCC3.3 Pin=R14-1
Added Pin To Net: NetName=VCC3.3 Pin=R15-1
Added Pin To Net: NetName=VCC3.3 Pin=R17-1
Added Pin To Net: NetName=VCC3.3 Pin=R18-1
Added Pin To Net: NetName=VCC3.3 Pin=R19-1
Added Pin To Net: NetName=VCC3.3 Pin=R20-1
Added Pin To Net: NetName=VCC3.3 Pin=R21-1
Added Pin To Net: NetName=VCC3.3 Pin=R22-1
Added Pin To Net: NetName=VCC3.3 Pin=R23-1
Added Pin To Net: NetName=VCC3.3 Pin=R24-1
Added Pin To Net: NetName=VCC3.3 Pin=R25-1
Added Pin To Net: NetName=VCC3.3 Pin=STM1-11
Added Pin To Net: NetName=VCC3.3 Pin=STM1-28
Added Pin To Net: NetName=VCC3.3 Pin=STM1-50
Added Pin To Net: NetName=VCC3.3 Pin=STM1-75
Added Pin To Net: NetName=VCC3.3 Pin=STM1-100
Added Pin To Net: NetName=VCC3.3 Pin=U1-2
Added Pin To Net: NetName=VCC3.3 Pin=U4-16
Added Net: Name=VCC3.3
Added Pin To Net: NetName=VCC5 Pin=C9-2
Added Pin To Net: NetName=VCC5 Pin=U1-3
Added Pin To Net: NetName=VCC5 Pin=U2-5
Added Pin To Net: NetName=VCC5 Pin=U2-19
Added Pin To Net: NetName=VCC5 Pin=USB1-1
Added Net: Name=VCC5
Added Pin To Net: NetName=VCC Pin=R9-2
Added Pin To Net: NetName=VCC Pin=R16-2
Added Net: Name=VCC
Added Pin To Net: NetName=VDDA Pin=C6-1
Added Pin To Net: NetName=VDDA Pin=C7-1
Added Pin To Net: NetName=VDDA Pin=C8-2
Added Pin To Net: NetName=VDDA Pin=L1-1
Added Pin To Net: NetName=VDDA Pin=STM1-22
Added Net: Name=VDDA
Added Pin To Net: NetName=VSSA Pin=C6-2
Added Pin To Net: NetName=VSSA Pin=C7-2
Added Pin To Net: NetName=VSSA Pin=C8-1
Added Pin To Net: NetName=VSSA Pin=L2-2
Added Pin To Net: NetName=VSSA Pin=STM1-19
Added Net: Name=VSSA
Added Class: Name=云RD
Added Room: Name=云RD
