Removed Pin From Net: NetName=GND Pin=C17-1
Removed Pin From Net: NetName=GND Pin=R7-2
Removed Member From Class: ClassName=ÔÆRD Member=C18
Removed Member From Class: ClassName=ÔÆRD Member=R25
Change Component Designator: OldDesignator=C18 NewDesignator=C17
Change Component Designator: OldDesignator=R8 NewDesignator=R7
Change Component Designator: OldDesignator=R9 NewDesignator=R8
Change Component Designator: OldDesignator=R10 NewDesignator=R9
Change Component Designator: OldDesignator=R11 NewDesignator=R10
Change Component Designator: OldDesignator=R12 NewDesignator=R11
Change Component Designator: OldDesignator=R13 NewDesignator=R12
Change Component Designator: OldDesignator=R14 NewDesignator=R13
Change Component Designator: OldDesignator=R15 NewDesignator=R14
Change Component Designator: OldDesignator=R16 NewDesignator=R15
Change Component Designator: OldDesignator=R17 NewDesignator=R16
Change Component Designator: OldDesignator=R18 NewDesignator=R17
Change Component Designator: OldDesignator=R19 NewDesignator=R18
Change Component Designator: OldDesignator=R20 NewDesignator=R19
Change Component Designator: OldDesignator=R21 NewDesignator=R20
Change Component Designator: OldDesignator=R22 NewDesignator=R21
Change Component Designator: OldDesignator=R23 NewDesignator=R22
Change Component Designator: OldDesignator=R25 NewDesignator=R23
Change Component Designator: OldDesignator=STMf103VET6 NewDesignator=STM1
Added Component: Designator=U2(ch340T)
Added Pin To Net: NetName=MCU69 Pin=U2-3
Added Pin To Net: NetName=MCU68 Pin=U2-4
Added Pin To Net: NetName=VCC5 Pin=U2-5
Added Pin To Net: NetName=CH340_D+ Pin=U2-6
Added Pin To Net: NetName=CH340_D- Pin=U2-7
Added Pin To Net: NetName=GND Pin=U2-8
Added Pin To Net: NetName=OSC12_IN Pin=U2-9
Added Pin To Net: NetName=OSC12_OUT Pin=U2-10
Added Pin To Net: NetName=VCC5 Pin=U2-19
Added Pin To Net: NetName=GND Pin=USB1-5
Change Net Name : Old Net Name=NetR14_2 New Net Name=NetR13_2
Added Member To Class: ClassName=ÔÆRD Member=Component U2 CH340R!!!
Added Room: Name=ÔÆRD
